<?xml version="1.0" encoding="UTF-8"?>
<testng-results ignored="0" total="1" passed="1" failed="0" skipped="0">
  <reporter-output>
  </reporter-output>
  <suite started-at="2025-07-10T22:08:21 IST" name="Default suite" finished-at="2025-07-10T22:08:41 IST" duration-ms="19639">
    <groups>
    </groups>
    <test started-at="2025-07-10T22:08:21 IST" name="Default test" finished-at="2025-07-10T22:08:41 IST" duration-ms="19639">
      <class name="troubleTickets.TC_VT_001_Test">
        <test-method is-config="true" signature="reportConfiguration()[pri:0, instance:troubleTickets.TC_VT_001_Test@4c402120]" started-at="2025-07-10T22:08:21 IST" name="reportConfiguration" finished-at="2025-07-10T22:08:21 IST" duration-ms="364" status="PASS">
          <reporter-output>
          </reporter-output>
        </test-method> <!-- reportConfiguration -->
        <test-method is-config="true" signature="openBrowser()[pri:0, instance:troubleTickets.TC_VT_001_Test@4c402120]" started-at="2025-07-10T22:08:21 IST" name="openBrowser" finished-at="2025-07-10T22:08:25 IST" duration-ms="3304" status="PASS">
          <reporter-output>
          </reporter-output>
        </test-method> <!-- openBrowser -->
        <test-method is-config="true" signature="login()[pri:0, instance:troubleTickets.TC_VT_001_Test@4c402120]" started-at="2025-07-10T22:08:25 IST" name="login" finished-at="2025-07-10T22:08:28 IST" duration-ms="3611" status="PASS">
          <reporter-output>
          </reporter-output>
        </test-method> <!-- login -->
        <test-method signature="createTicket()[pri:0, instance:troubleTickets.TC_VT_001_Test@4c402120]" started-at="2025-07-10T22:08:28 IST" name="createTicket" finished-at="2025-07-10T22:08:35 IST" duration-ms="7084" status="PASS">
          <reporter-output>
          </reporter-output>
        </test-method> <!-- createTicket -->
        <test-method is-config="true" signature="logout()[pri:0, instance:troubleTickets.TC_VT_001_Test@4c402120]" started-at="2025-07-10T22:08:35 IST" name="logout" finished-at="2025-07-10T22:08:37 IST" duration-ms="1822" status="PASS">
          <reporter-output>
          </reporter-output>
        </test-method> <!-- logout -->
        <test-method is-config="true" signature="closeBrowser()[pri:0, instance:troubleTickets.TC_VT_001_Test@4c402120]" started-at="2025-07-10T22:08:37 IST" name="closeBrowser" finished-at="2025-07-10T22:08:41 IST" duration-ms="3749" status="PASS">
          <reporter-output>
          </reporter-output>
        </test-method> <!-- closeBrowser -->
        <test-method is-config="true" signature="reportBackUp()[pri:0, instance:troubleTickets.TC_VT_001_Test@4c402120]" started-at="2025-07-10T22:08:41 IST" name="reportBackUp" finished-at="2025-07-10T22:08:42 IST" duration-ms="546" status="PASS">
          <reporter-output>
          </reporter-output>
        </test-method> <!-- reportBackUp -->
      </class> <!-- troubleTickets.TC_VT_001_Test -->
    </test> <!-- Default test -->
  </suite> <!-- Default suite -->
</testng-results>
