<?xml version="1.0" encoding="UTF-8"?>
<testng-results ignored="0" total="3" passed="2" failed="1" skipped="0">
  <reporter-output>
  </reporter-output>
  <suite started-at="2025-07-09T12:43:42 IST" name="Suite" finished-at="2025-07-09T12:44:57 IST" duration-ms="74789">
    <groups>
      <group name="smoke">
        <method signature="TC_VT_001_Test.clickOnContacts()[pri:0, instance:contacts.TC_VT_001_Test@10683d9d]" name="clickOnContacts" class="contacts.TC_VT_001_Test"/>
        <method signature="TC_VT_002_Test.createContact()[pri:0, instance:contacts.TC_VT_002_Test@217ed35e]" name="createContact" class="contacts.TC_VT_002_Test"/>
        <method signature="TC_VT_002_Test.createOrganization()[pri:0, instance:organizations.TC_VT_002_Test@7dcf94f8]" name="createOrganization" class="organizations.TC_VT_002_Test"/>
      </group> <!-- smoke -->
    </groups>
    <test started-at="2025-07-09T12:43:42 IST" name="Test" finished-at="2025-07-09T12:44:57 IST" duration-ms="74789">
      <class name="organizations.TC_VT_002_Test">
        <test-method is-config="true" signature="openBrowser()[pri:0, instance:organizations.TC_VT_002_Test@7dcf94f8]" started-at="2025-07-09T12:44:33 IST" name="openBrowser" finished-at="2025-07-09T12:44:37 IST" duration-ms="3213" status="PASS">
          <reporter-output>
          </reporter-output>
        </test-method> <!-- openBrowser -->
        <test-method signature="createOrganization()[pri:0, instance:organizations.TC_VT_002_Test@7dcf94f8]" started-at="2025-07-09T12:44:37 IST" name="createOrganization" finished-at="2025-07-09T12:44:55 IST" duration-ms="18196" status="FAIL">
          <exception class="org.openqa.selenium.UnhandledAlertException">
            <message>
              <![CDATA[unexpected alert open: {Alert text : Organization Name Already Exists!}
  (Session info: chrome=137.0.7151.122): Organization Name Already Exists!
Build info: version: '4.27.0', revision: 'd6e718d134'
System info: os.name: 'Windows 11', os.arch: 'amd64', os.version: '10.0', java.version: '21.0.6'
Driver info: org.openqa.selenium.chrome.ChromeDriver
Command: [280eed9df3ab6ba2ea28f996ca44734b, screenshot {}]
Capabilities {acceptInsecureCerts: false, browserName: chrome, browserVersion: 137.0.7151.122, chrome: {chromedriverVersion: 137.0.7151.119 (e0ac9d12dff..., userDataDir: C:\Users\RUTUSM~1\AppData\L...}, fedcm:accounts: true, goog:chromeOptions: {debuggerAddress: localhost:55489}, networkConnectionEnabled: false, pageLoadStrategy: normal, platformName: windows, proxy: Proxy(), se:cdp: ws://localhost:55489/devtoo..., se:cdpVersion: 137.0.7151.122, setWindowRect: true, strictFileInteractability: false, timeouts: {implicit: 0, pageLoad: 300000, script: 30000}, unhandledPromptBehavior: dismiss and notify, webauthn:extension:credBlob: true, webauthn:extension:largeBlob: true, webauthn:extension:minPinLength: true, webauthn:extension:prf: true, webauthn:virtualAuthenticators: true}
Session ID: 280eed9df3ab6ba2ea28f996ca44734b]]>
            </message>
            <full-stacktrace>
              <![CDATA[org.openqa.selenium.UnhandledAlertException: unexpected alert open: {Alert text : Organization Name Already Exists!}
  (Session info: chrome=137.0.7151.122): Organization Name Already Exists!
Build info: version: '4.27.0', revision: 'd6e718d134'
System info: os.name: 'Windows 11', os.arch: 'amd64', os.version: '10.0', java.version: '21.0.6'
Driver info: org.openqa.selenium.chrome.ChromeDriver
Command: [280eed9df3ab6ba2ea28f996ca44734b, screenshot {}]
Capabilities {acceptInsecureCerts: false, browserName: chrome, browserVersion: 137.0.7151.122, chrome: {chromedriverVersion: 137.0.7151.119 (e0ac9d12dff..., userDataDir: C:\Users\RUTUSM~1\AppData\L...}, fedcm:accounts: true, goog:chromeOptions: {debuggerAddress: localhost:55489}, networkConnectionEnabled: false, pageLoadStrategy: normal, platformName: windows, proxy: Proxy(), se:cdp: ws://localhost:55489/devtoo..., se:cdpVersion: 137.0.7151.122, setWindowRect: true, strictFileInteractability: false, timeouts: {implicit: 0, pageLoad: 300000, script: 30000}, unhandledPromptBehavior: dismiss and notify, webauthn:extension:credBlob: true, webauthn:extension:largeBlob: true, webauthn:extension:minPinLength: true, webauthn:extension:prf: true, webauthn:virtualAuthenticators: true}
Session ID: 280eed9df3ab6ba2ea28f996ca44734b
at org.openqa.selenium.remote.codec.w3c.W3CHttpResponseCodec.decode(W3CHttpResponseCodec.java:136)
at org.openqa.selenium.remote.codec.w3c.W3CHttpResponseCodec.decode(W3CHttpResponseCodec.java:50)
at org.openqa.selenium.remote.HttpCommandExecutor.execute(HttpCommandExecutor.java:190)
at org.openqa.selenium.remote.service.DriverCommandExecutor.invokeExecute(DriverCommandExecutor.java:216)
at org.openqa.selenium.remote.service.DriverCommandExecutor.execute(DriverCommandExecutor.java:174)
at org.openqa.selenium.remote.RemoteWebDriver.execute(RemoteWebDriver.java:545)
at org.openqa.selenium.remote.RemoteWebDriver.execute(RemoteWebDriver.java:618)
at org.openqa.selenium.remote.RemoteWebDriver.execute(RemoteWebDriver.java:622)
at org.openqa.selenium.remote.RemoteWebDriver.getScreenshotAs(RemoteWebDriver.java:334)
at genericutility.ListenerUtility.onTestFailure(ListenerUtility.java:29)
at org.testng.internal.TestListenerHelper.runTestListeners(TestListenerHelper.java:115)
at org.testng.internal.invokers.TestInvoker.runTestResultListener(TestInvoker.java:285)
at org.testng.internal.invokers.TestInvoker.invokeMethod(TestInvoker.java:774)
at org.testng.internal.invokers.TestInvoker.invokeTestMethod(TestInvoker.java:230)
at org.testng.internal.invokers.MethodRunner.runInSequence(MethodRunner.java:63)
at org.testng.internal.invokers.TestInvoker$MethodInvocationAgent.invoke(TestInvoker.java:992)
at org.testng.internal.invokers.TestInvoker.invokeTestMethods(TestInvoker.java:203)
at org.testng.internal.invokers.TestMethodWorker.invokeTestMethods(TestMethodWorker.java:154)
at org.testng.internal.invokers.TestMethodWorker.run(TestMethodWorker.java:134)
at java.base/java.util.ArrayList.forEach(ArrayList.java:1596)
at org.testng.TestRunner.privateRun(TestRunner.java:739)
at org.testng.TestRunner.run(TestRunner.java:614)
at org.testng.SuiteRunner.runTest(SuiteRunner.java:421)
at org.testng.SuiteRunner.runSequentially(SuiteRunner.java:413)
at org.testng.SuiteRunner.privateRun(SuiteRunner.java:373)
at org.testng.SuiteRunner.run(SuiteRunner.java:312)
at org.testng.SuiteRunnerWorker.runSuite(SuiteRunnerWorker.java:52)
at org.testng.SuiteRunnerWorker.run(SuiteRunnerWorker.java:95)
at org.testng.TestNG.runSuitesSequentially(TestNG.java:1274)
at org.testng.TestNG.runSuitesLocally(TestNG.java:1208)
at org.testng.TestNG.runSuites(TestNG.java:1112)
at org.testng.TestNG.run(TestNG.java:1079)
at org.testng.remote.AbstractRemoteTestNG.run(AbstractRemoteTestNG.java:115)
at org.testng.remote.RemoteTestNG.initAndRun(RemoteTestNG.java:293)
at org.testng.remote.RemoteTestNG.main(RemoteTestNG.java:91)
]]>
            </full-stacktrace>
          </exception> <!-- org.openqa.selenium.UnhandledAlertException -->
          <reporter-output>
          </reporter-output>
        </test-method> <!-- createOrganization -->
        <test-method is-config="true" signature="login()[pri:0, instance:organizations.TC_VT_002_Test@7dcf94f8]" started-at="2025-07-09T12:44:37 IST" name="login" finished-at="2025-07-09T12:44:42 IST" duration-ms="4895" status="PASS">
          <reporter-output>
          </reporter-output>
        </test-method> <!-- login -->
        <test-method is-config="true" signature="closeBrowser()[pri:0, instance:organizations.TC_VT_002_Test@7dcf94f8]" started-at="2025-07-09T12:44:55 IST" name="closeBrowser" finished-at="2025-07-09T12:44:57 IST" duration-ms="1952" status="PASS">
          <reporter-output>
          </reporter-output>
        </test-method> <!-- closeBrowser -->
      </class> <!-- organizations.TC_VT_002_Test -->
      <class name="contacts.TC_VT_002_Test">
        <test-method is-config="true" signature="openBrowser()[pri:0, instance:contacts.TC_VT_002_Test@217ed35e]" started-at="2025-07-09T12:44:08 IST" name="openBrowser" finished-at="2025-07-09T12:44:11 IST" duration-ms="3037" status="PASS">
          <reporter-output>
          </reporter-output>
        </test-method> <!-- openBrowser -->
        <test-method is-config="true" signature="login()[pri:0, instance:contacts.TC_VT_002_Test@217ed35e]" started-at="2025-07-09T12:44:11 IST" name="login" finished-at="2025-07-09T12:44:16 IST" duration-ms="5130" status="PASS">
          <reporter-output>
          </reporter-output>
        </test-method> <!-- login -->
        <test-method signature="createContact()[pri:0, instance:contacts.TC_VT_002_Test@217ed35e]" started-at="2025-07-09T12:44:16 IST" name="createContact" finished-at="2025-07-09T12:44:31 IST" duration-ms="15029" status="PASS">
          <reporter-output>
          </reporter-output>
        </test-method> <!-- createContact -->
        <test-method is-config="true" signature="logout()[pri:0, instance:contacts.TC_VT_002_Test@217ed35e]" started-at="2025-07-09T12:44:31 IST" name="logout" finished-at="2025-07-09T12:44:33 IST" duration-ms="2035" status="PASS">
          <reporter-output>
          </reporter-output>
        </test-method> <!-- logout -->
        <test-method is-config="true" signature="closeBrowser()[pri:0, instance:contacts.TC_VT_002_Test@217ed35e]" started-at="2025-07-09T12:44:33 IST" name="closeBrowser" finished-at="2025-07-09T12:44:33 IST" duration-ms="379" status="PASS">
          <reporter-output>
          </reporter-output>
        </test-method> <!-- closeBrowser -->
      </class> <!-- contacts.TC_VT_002_Test -->
      <class name="contacts.TC_VT_001_Test">
        <test-method is-config="true" signature="reportConfiguration()[pri:0, instance:contacts.TC_VT_001_Test@10683d9d]" started-at="2025-07-09T12:43:42 IST" name="reportConfiguration" finished-at="2025-07-09T12:43:42 IST" duration-ms="226" status="PASS">
          <reporter-output>
          </reporter-output>
        </test-method> <!-- reportConfiguration -->
        <test-method is-config="true" signature="openBrowser()[pri:0, instance:contacts.TC_VT_001_Test@10683d9d]" started-at="2025-07-09T12:43:42 IST" name="openBrowser" finished-at="2025-07-09T12:43:51 IST" duration-ms="8280" status="PASS">
          <reporter-output>
          </reporter-output>
        </test-method> <!-- openBrowser -->
        <test-method is-config="true" signature="login()[pri:0, instance:contacts.TC_VT_001_Test@10683d9d]" started-at="2025-07-09T12:43:51 IST" name="login" finished-at="2025-07-09T12:43:56 IST" duration-ms="5267" status="PASS">
          <reporter-output>
          </reporter-output>
        </test-method> <!-- login -->
        <test-method signature="clickOnContacts()[pri:0, instance:contacts.TC_VT_001_Test@10683d9d]" started-at="2025-07-09T12:43:56 IST" name="clickOnContacts" finished-at="2025-07-09T12:44:04 IST" duration-ms="8149" status="PASS">
          <reporter-output>
          </reporter-output>
        </test-method> <!-- clickOnContacts -->
        <test-method is-config="true" signature="logout()[pri:0, instance:contacts.TC_VT_001_Test@10683d9d]" started-at="2025-07-09T12:44:04 IST" name="logout" finished-at="2025-07-09T12:44:07 IST" duration-ms="2610" status="PASS">
          <reporter-output>
          </reporter-output>
        </test-method> <!-- logout -->
        <test-method is-config="true" signature="closeBrowser()[pri:0, instance:contacts.TC_VT_001_Test@10683d9d]" started-at="2025-07-09T12:44:07 IST" name="closeBrowser" finished-at="2025-07-09T12:44:08 IST" duration-ms="1031" status="PASS">
          <reporter-output>
          </reporter-output>
        </test-method> <!-- closeBrowser -->
        <test-method is-config="true" signature="reportBackUp()[pri:0, instance:contacts.TC_VT_001_Test@10683d9d]" started-at="2025-07-09T12:44:57 IST" name="reportBackUp" finished-at="2025-07-09T12:44:58 IST" duration-ms="351" status="PASS">
          <reporter-output>
          </reporter-output>
        </test-method> <!-- reportBackUp -->
      </class> <!-- contacts.TC_VT_001_Test -->
    </test> <!-- Test -->
  </suite> <!-- Suite -->
</testng-results>
